<?xml version="1.0" encoding="UTF-8"?>
<!-- Generated by org.testng.reporters.JUnitXMLReporter -->
<testsuite hostname="Hakans-Air" ignored="4" tests="0" failures="0" timestamp="2020-07-18T18:11:24 EDT" time="3.167" errors="0">
  <testcase name="login_invalidTestCase" time="0.0" classname="com.qa.hubspot.tests.LoginPageTest">
    <ignored/>
  </testcase> <!-- login_invalidTestCase -->
  <testcase name="verifyPageTitleTest" time="0.0" classname="com.qa.hubspot.tests.LoginPageTest">
    <ignored/>
  </testcase> <!-- verifyPageTitleTest -->
  <testcase name="verifySignUpLink" time="0.0" classname="com.qa.hubspot.tests.LoginPageTest">
    <ignored/>
  </testcase> <!-- verifySignUpLink -->
  <testcase name="loginTest" time="0.0" classname="com.qa.hubspot.tests.LoginPageTest">
    <ignored/>
  </testcase> <!-- loginTest -->
</testsuite>
