<?xml version="1.0" encoding="UTF-8"?>
<!-- Generated by org.testng.reporters.JUnitXMLReporter -->
<testsuite hostname="Hakans-Air" name="HubSpot Login Page" tests="3" failures="0" timestamp="9 Jul 2020 18:31:52 GMT" time="33.458" errors="0">
  <testcase name="verifyPageTitleTest" time="5.387" classname="com.qa.hubspot.tests.LoginPageTest"/>
  <testcase name="verifySignUpLinkTest" time="9.875" classname="com.qa.hubspot.tests.LoginPageTest"/>
  <testcase name="loginTest" time="10.86" classname="com.qa.hubspot.tests.LoginPageTest"/>
</testsuite> <!-- HubSpot Login Page -->
