<?xml version="1.0" encoding="UTF-8"?>
<testng-results skipped="0" failed="0" ignored="4" total="4" passed="0">
  <reporter-output>
  </reporter-output>
  <suite name="com.qa.hubspot.tests.LoginPageTest" duration-ms="3167" started-at="2020-07-18T18:11:21 EDT" finished-at="2020-07-18T18:11:24 EDT">
    <groups>
    </groups>
    <test name="Command line test" duration-ms="3167" started-at="2020-07-18T18:11:21 EDT" finished-at="2020-07-18T18:11:24 EDT">
      <class name="com.qa.hubspot.tests.LoginPageTest">
        <test-method status="PASS" signature="setUp()[pri:0, instance:com.qa.hubspot.tests.LoginPageTest@59494225]" name="setUp" is-config="true" duration-ms="3012" started-at="2020-07-18T18:11:21 EDT" finished-at="2020-07-18T18:11:24 EDT">
          <reporter-output>
          </reporter-output>
        </test-method> <!-- setUp -->
        <test-method status="PASS" signature="tearDown()[pri:0, instance:com.qa.hubspot.tests.LoginPageTest@59494225]" name="tearDown" is-config="true" duration-ms="144" started-at="2020-07-18T18:11:24 EDT" finished-at="2020-07-18T18:11:24 EDT">
          <reporter-output>
          </reporter-output>
        </test-method> <!-- tearDown -->
      </class> <!-- com.qa.hubspot.tests.LoginPageTest -->
    </test> <!-- Command line test -->
  </suite> <!-- com.qa.hubspot.tests.LoginPageTest -->
</testng-results>
